12:00:01 AM   runq-sz  plist-sz   ldavg-1   ldavg-5  ldavg-15   blocked
12:10:02 AM         1       552      0.00      0.01      0.05         0
12:20:01 AM         2       552      0.00      0.01      0.05         0
12:30:01 AM         2       552      0.00      0.01      0.05         0
12:40:01 AM         1       552      0.08      0.03      0.05         0
12:50:01 AM         1       552      0.00      0.01      0.05         0
01:00:01 AM         1       552      0.00      0.01      0.05         0
01:10:01 AM         1       552      0.00      0.01      0.05         0
01:20:02 AM         1       552      0.00      0.01      0.05         0
01:30:01 AM         1       552      0.00      0.01      0.05         0
01:40:01 AM         1       552      0.00      0.01      0.05         0
01:50:01 AM         1       552      0.00      0.01      0.05         0
02:00:01 AM         1       551      0.00      0.01      0.05         0
02:10:01 AM         1       552      0.00      0.01      0.05         0
02:20:01 AM         1       552      0.00      0.01      0.05         0
02:30:01 AM         1       552      0.01      0.02      0.05         0
02:40:02 AM         1       552      0.00      0.01      0.05         0
02:50:01 AM         1       552      0.00      0.01      0.05         0
03:00:01 AM         1       552      0.00      0.01      0.05         0
03:10:01 AM         1       552      0.00      0.01      0.05         0
03:20:01 AM         2       553      0.00      0.01      0.05         0
03:30:01 AM         1       553      0.00      0.01      0.05         0
03:40:01 AM         1       552      0.02      0.02      0.05         0
03:50:02 AM         1       552      0.00      0.01      0.05         0
04:00:01 AM         1       552      0.00      0.01      0.05         0
04:10:01 AM         1       552      0.00      0.01      0.05         0
04:20:01 AM         1       552      0.00      0.01      0.05         0
04:30:01 AM         1       552      0.00      0.01      0.05         0
04:40:01 AM         1       552      0.05      0.03      0.05         0
04:50:01 AM         1       552      0.00      0.02      0.05         0
05:00:01 AM         1       552      0.00      0.01      0.05         0
05:10:01 AM         2       553      0.00      0.01      0.05         0
05:20:01 AM         1       552      0.00      0.01      0.05         0
05:30:01 AM         1       552      0.00      0.01      0.05         0
05:40:01 AM         1       552      0.00      0.01      0.05         0
05:50:01 AM         1       552      0.00      0.01      0.05         0
06:00:01 AM         1       551      0.00      0.01      0.05         0
06:10:02 AM         1       552      0.00      0.01      0.05         0
06:20:01 AM         1       552      0.00      0.01      0.05         0
Average:            1       552      0.00      0.01      0.05         0
